<?xml version="1.0" encoding="UTF-8"?>
<!-- Generated by org.testng.reporters.JUnitReportReporter -->
<testsuite skipped="0" hostname="LAPTOP-436H1A9M" name="Files.DynamicJson" tests="3" failures="0" timestamp="2021-07-09T15:02:49 IST" time="3.799" errors="0">
  <testcase name="addBook" time="0.156" classname="Files.DynamicJson"/>
  <system-out/>
  <testcase name="addBook" time="0.176" classname="Files.DynamicJson"/>
  <system-out/>
  <testcase name="addBook" time="3.467" classname="Files.DynamicJson"/>
  <system-out/>
</testsuite> <!-- Files.DynamicJson -->
