<?xml version="1.0" encoding="UTF-8"?>
<!-- Generated by org.testng.reporters.JUnitReportReporter -->
<testsuite skipped="0" hostname="LAPTOP-436H1A9M" name="SumValidation" tests="1" failures="0" timestamp="2021-07-09T13:12:43 IST" time="0.930" errors="0">
  <testcase name="sumOfCourse" time="0.930" classname="SumValidation"/>
  <system-out/>
</testsuite> <!-- SumValidation -->
