<?xml version="1.0" encoding="UTF-8"?>
<!-- Generated by org.testng.reporters.JUnitReportReporter -->
<testsuite skipped="0" hostname="LAPTOP-436H1A9M" name="DynamicJson" tests="3" failures="0" timestamp="2020-10-02T21:56:04 IST" time="2.534" errors="0">
  <testcase name="addBooking" time="2.213" classname="DynamicJson"/>
  <system-out/>
  <testcase name="addBooking" time="0.155" classname="DynamicJson"/>
  <system-out/>
  <testcase name="addBooking" time="0.166" classname="DynamicJson"/>
  <system-out/>
</testsuite> <!-- DynamicJson -->
