<?xml version="1.0" encoding="UTF-8"?>
<!-- Generated by org.testng.reporters.JUnitReportReporter -->
<testsuite skipped="0" hostname="LAPTOP-436H1A9M" name="TestNG.ExceptionTimoutTest" tests="1" failures="0" timestamp="2020-10-10T15:46:53 IST" time="0.016" errors="0">
  <testcase name="expectedExTest" time="0.016" classname="TestNG.ExceptionTimoutTest"/>
  <system-out/>
</testsuite> <!-- TestNG.ExceptionTimoutTest -->
