<?xml version="1.0" encoding="UTF-8"?>
<!-- Generated by org.testng.reporters.JUnitReportReporter -->
<testsuite skipped="0" hostname="LAPTOP-436H1A9M" name="TestNG.GoogleTTest" tests="3" failures="0" timestamp="2020-10-10T14:34:59 IST" time="24.513" errors="0">
  <testcase name="verifyLogo" time="7.764" classname="TestNG.GoogleTTest"/>
  <system-out/>
  <testcase name="verifyTitile" time="7.846" classname="TestNG.GoogleTTest"/>
  <system-out/>
  <testcase name="validateGoogleSearchButton" time="8.903" classname="TestNG.GoogleTTest"/>
  <system-out/>
</testsuite> <!-- TestNG.GoogleTTest -->
