<?xml version="1.0" encoding="UTF-8"?>
<!-- Generated by org.testng.reporters.JUnitReportReporter -->
<testsuite skipped="0" hostname="LAPTOP-436H1A9M" name="com.test.ExceptionTimoutTest" tests="1" failures="0" timestamp="2020-12-12T14:15:54 IST" time="0.015" errors="0">
  <testcase name="expectedExTest" time="0.015" classname="com.test.ExceptionTimoutTest"/>
  <system-out/>
</testsuite> <!-- com.test.ExceptionTimoutTest -->
