<?xml version="1.0" encoding="UTF-8"?>
<!-- Generated by org.testng.reporters.JUnitReportReporter -->
<testsuite skipped="0" hostname="LAPTOP-436H1A9M" name="com.test.ParameterPassing" tests="1" failures="0" timestamp="2020-10-10T17:08:13 IST" time="8.289" errors="0">
  <testcase name="login" time="8.289" classname="com.test.ParameterPassing"/>
  <system-out/>
</testsuite> <!-- com.test.ParameterPassing -->
