<?xml version="1.0" encoding="UTF-8"?>
<!-- Generated by org.testng.reporters.JUnitReportReporter -->
<testsuite skipped="0" hostname="LAPTOP-436H1A9M" name="TestNG.TestNgFeature" tests="5" failures="0" timestamp="2020-10-10T15:21:12 IST" time="0.018" errors="0">
  <testcase name="loginTest" time="0.011" classname="TestNG.TestNgFeature"/>
  <system-out/>
  <testcase name="searchPage" time="0.002" classname="TestNG.TestNgFeature"/>
  <system-out/>
  <testcase name="filterPage" time="0.002" classname="TestNG.TestNgFeature"/>
  <system-out/>
  <testcase name="registration" time="0.001" classname="TestNG.TestNgFeature"/>
  <system-out/>
  <testcase name="addBasketPage" time="0.002" classname="TestNG.TestNgFeature"/>
  <system-out/>
</testsuite> <!-- TestNG.TestNgFeature -->
