<?xml version="1.0" encoding="UTF-8"?>
<!-- Generated by org.testng.reporters.JUnitReportReporter -->
<testsuite skipped="0" hostname="LAPTOP-436H1A9M" name="TestNG.Validation" tests="2" failures="0" timestamp="2020-10-10T15:57:25 IST" time="17.530" errors="0">
  <testcase name="verifyTitile" time="7.538" classname="TestNG.Validation"/>
  <system-out/>
  <testcase name="verifyLogo" time="9.992" classname="TestNG.Validation"/>
  <system-out/>
</testsuite> <!-- TestNG.Validation -->
