<?xml version="1.0" encoding="UTF-8"?>
<!-- Generated by org.testng.reporters.JUnitReportReporter -->
<testsuite skipped="0" hostname="LAPTOP-436H1A9M" name="TestNG.GoogleTest2" tests="1" failures="0" timestamp="2020-10-10T13:11:21 IST" time="0.012" errors="0">
  <testcase name="print" time="0.012" classname="TestNG.GoogleTest2"/>
  <system-out/>
</testsuite> <!-- TestNG.GoogleTest2 -->
