<?xml version="1.0" encoding="UTF-8"?>
<!-- Generated by org.testng.reporters.JUnitReportReporter -->
<testsuite skipped="0" hostname="LAPTOP-436H1A9M" name="com.test.TestNgFeature" tests="5" failures="0" timestamp="2020-12-12T14:15:32 IST" time="0.008" errors="0">
  <testcase name="loginTest" time="0.002" classname="com.test.TestNgFeature"/>
  <system-out/>
  <testcase name="searchPage" time="0.002" classname="com.test.TestNgFeature"/>
  <system-out/>
  <testcase name="filterPage" time="0.002" classname="com.test.TestNgFeature"/>
  <system-out/>
  <testcase name="registration" time="0.001" classname="com.test.TestNgFeature"/>
  <system-out/>
  <testcase name="addBasketPage" time="0.001" classname="com.test.TestNgFeature"/>
  <system-out/>
</testsuite> <!-- com.test.TestNgFeature -->
